0 25 0 0 0 250 1 1
0 25 1 0 130 250 1 1
0 25 2 0 260 250 1 1
0 25 3 0 390 250 1 1
0 25 4 0 520 250 1 1
0 25 5 130 0 250 1 1
0 25 6 130 130 250 1 1
0 25 7 130 260 250 1 1
0 25 8 130 390 250 1 1
0 25 9 130 520 250 1 1
0 25 10 260 0 250 1 1
0 25 11 260 130 250 1 1
0 25 12 260 260 250 1 1
0 25 13 260 390 250 1 1
0 25 14 260 520 250 1 1
0 25 15 390 0 250 1 1
0 25 16 390 130 250 1 1
0 25 17 390 260 250 1 1
0 25 18 390 390 250 1 1
0 25 19 390 520 250 1 1
0 25 20 520 0 250 1 1
0 25 21 520 130 250 1 1
0 25 22 520 260 250 1 1
0 25 23 520 390 250 1 1
0 25 24 520 520 250 1 1
Node 0 (0.00, 0.00, 0.00).
Node 1 (0.00, 130.00, 0.00).
Node 2 (0.00, 260.00, 0.00).
Node 3 (0.00, 390.00, 0.00).
Node 4 (0.00, 520.00, 0.00).
Node 5 (130.00, 0.00, 0.00).
Node 6 (130.00, 130.00, 0.00).
Node 7 (130.00, 260.00, 0.00).
Node 8 (130.00, 390.00, 0.00).
Node 9 (130.00, 520.00, 0.00).
Node 10 (260.00, 0.00, 0.00).
Node 11 (260.00, 130.00, 0.00).
Node 12 (260.00, 260.00, 0.00).
Node 13 (260.00, 390.00, 0.00).
Node 14 (260.00, 520.00, 0.00).
Node 15 (390.00, 0.00, 0.00).
Node 16 (390.00, 130.00, 0.00).
Node 17 (390.00, 260.00, 0.00).
Node 18 (390.00, 390.00, 0.00).
Node 19 (390.00, 520.00, 0.00).
Node 20 (520.00, 0.00, 0.00).
Node 21 (520.00, 130.00, 0.00).
Node 22 (520.00, 260.00, 0.00).
Node 23 (520.00, 390.00, 0.00).
Node 24 (520.00, 520.00, 0.00).
Partition 1 (0 2) has range (0, 0) to (0, 0): 25 nodes
Current Sim Time[s] =    0.000000000  Real Time[s] =    0  Completed  0%
5 51433 4 3 12
5 51433 4 9 12
5 51613 4 8 12
5 51867 4 2 12
5 51867 4 14 12
5 51969 4 7 12
5 51969 4 13 12
5 52226 4 12 12
5 52300 4 1 12
5 52300 4 19 12
5 52370 4 6 12
5 52370 4 18 12
5 52562 4 11 12
5 52562 4 17 12
5 52733 4 0 12
5 52733 4 24 12
5 52787 4 5 12
5 52787 4 23 12
5 52838 4 16 12
5 52938 4 10 12
5 52938 4 22 12
5 53167 4 15 12
5 53167 4 21 12
5 53451 4 20 12
6 563433 4 3
3 563433 4 3 10
6 563433 4 9
3 563433 4 9 10
6 563613 4 8
3 563613 4 8 10
6 563867 4 2
3 563867 4 2 10
6 563867 4 14
3 563867 4 14 10
6 563969 4 7
3 563969 4 7 10
6 563969 4 13
3 563969 4 13 10
6 564226 4 12
3 564226 4 12 10
6 564300 4 1
3 564300 4 1 10
6 564300 4 19
3 564300 4 19 10
6 564370 4 6
3 564370 4 6 10
6 564370 4 18
3 564370 4 18 10
6 564562 4 11
3 564562 4 11 10
6 564562 4 17
3 564562 4 17 10
6 564733 4 0
3 564733 4 0 10
6 564733 4 24
3 564733 4 24 10
6 564787 4 5
3 564787 4 5 10
6 564787 4 23
3 564787 4 23 10
6 564838 4 16
3 564838 4 16 10
6 564938 4 10
3 564938 4 10 10
6 564938 4 22
3 564938 4 22 10
6 565167 4 15
3 565167 4 15 10
6 565167 4 21
3 565167 4 21 10
6 565451 4 20
3 565451 4 20 10
Current Sim Time[s] =    0.052000000  Real Time[s] =    0  Completed  1%
5 80051433 4 3 12
5 80051433 4 9 12
5 80051613 4 8 12
5 80051867 4 2 12
5 80051867 4 14 12
5 80051969 4 7 12
5 80051969 4 13 12
5 80052226 4 12 12
5 80052300 4 1 12
5 80052300 4 19 12
5 80052370 4 6 12
5 80052370 4 18 12
5 80052562 4 11 12
5 80052562 4 17 12
5 80052733 4 0 12
5 80052733 4 24 12
5 80052787 4 5 12
5 80052787 4 23 12
5 80052838 4 16 12
5 80052938 4 10 12
5 80052938 4 22 12
5 80053167 4 15 12
5 80053167 4 21 12
5 80053451 4 20 12
6 80563433 4 3
3 80563433 4 3 10
6 80563433 4 9
3 80563433 4 9 10
6 80563613 4 8
3 80563613 4 8 10
6 80563867 4 2
3 80563867 4 2 10
6 80563867 4 14
3 80563867 4 14 10
6 80563969 4 7
3 80563969 4 7 10
6 80563969 4 13
3 80563969 4 13 10
6 80564226 4 12
3 80564226 4 12 10
6 80564300 4 1
3 80564300 4 1 10
6 80564300 4 19
3 80564300 4 19 10
6 80564370 4 6
3 80564370 4 6 10
6 80564370 4 18
3 80564370 4 18 10
6 80564562 4 11
3 80564562 4 11 10
6 80564562 4 17
3 80564562 4 17 10
6 80564733 4 0
3 80564733 4 0 10
6 80564733 4 24
3 80564733 4 24 10
6 80564787 4 5
3 80564787 4 5 10
6 80564787 4 23
3 80564787 4 23 10
6 80564838 4 16
3 80564838 4 16 10
6 80564938 4 10
3 80564938 4 10 10
6 80564938 4 22
3 80564938 4 22 10
6 80565167 4 15
3 80565167 4 15 10
6 80565167 4 21
3 80565167 4 21 10
6 80565451 4 20
3 80565451 4 20 10
Current Sim Time[s] =    0.100000000  Real Time[s] =    0  Completed  2%
Current Sim Time[s] =    0.152000000  Real Time[s] =    0  Completed  3%
Current Sim Time[s] =    0.200000000  Real Time[s] =    0  Completed  4%
Current Sim Time[s] =    0.252000000  Real Time[s] =    0  Completed  5%
Current Sim Time[s] =    0.300000000  Real Time[s] =    0  Completed  6%
5 320051433 4 3 12
5 320051433 4 9 12
5 320051613 4 8 12
5 320051867 4 2 12
5 320051867 4 14 12
5 320051969 4 7 12
5 320051969 4 13 12
5 320052226 4 12 12
5 320052300 4 1 12
5 320052300 4 19 12
5 320052370 4 6 12
5 320052370 4 18 12
5 320052562 4 11 12
5 320052562 4 17 12
5 320052733 4 0 12
5 320052733 4 24 12
5 320052787 4 5 12
5 320052787 4 23 12
5 320052838 4 16 12
5 320052938 4 10 12
5 320052938 4 22 12
5 320053167 4 15 12
5 320053167 4 21 12
5 320053451 4 20 12
6 320563433 4 3
3 320563433 4 3 10
6 320563433 4 9
3 320563433 4 9 10
6 320563613 4 8
3 320563613 4 8 10
6 320563867 4 2
3 320563867 4 2 10
6 320563867 4 14
3 320563867 4 14 10
6 320563969 4 7
3 320563969 4 7 10
6 320563969 4 13
3 320563969 4 13 10
6 320564226 4 12
3 320564226 4 12 10
6 320564300 4 1
3 320564300 4 1 10
6 320564300 4 19
3 320564300 4 19 10
6 320564370 4 6
3 320564370 4 6 10
6 320564370 4 18
3 320564370 4 18 10
6 320564562 4 11
3 320564562 4 11 10
6 320564562 4 17
3 320564562 4 17 10
6 320564733 4 0
3 320564733 4 0 10
6 320564733 4 24
3 320564733 4 24 10
6 320564787 4 5
3 320564787 4 5 10
6 320564787 4 23
3 320564787 4 23 10
6 320564838 4 16
3 320564838 4 16 10
6 320564938 4 10
3 320564938 4 10 10
6 320564938 4 22
3 320564938 4 22 10
6 320565167 4 15
3 320565167 4 15 10
6 320565167 4 21
3 320565167 4 21 10
6 320565451 4 20
3 320565451 4 20 10
Current Sim Time[s] =    0.352000000  Real Time[s] =    0  Completed  7%
Current Sim Time[s] =    0.400000000  Real Time[s] =    0  Completed  8%
Current Sim Time[s] =    0.452000000  Real Time[s] =    0  Completed  9%
Current Sim Time[s] =    0.500000000  Real Time[s] =    0  Completed 10%
Current Sim Time[s] =    0.552000000  Real Time[s] =    0  Completed 11%
Current Sim Time[s] =    0.600000000  Real Time[s] =    0  Completed 12%
Current Sim Time[s] =    0.652000000  Real Time[s] =    0  Completed 13%
Current Sim Time[s] =    0.700000000  Real Time[s] =    0  Completed 14%
5 720051433 4 3 12
5 720051433 4 9 12
5 720051613 4 8 12
5 720051867 4 2 12
5 720051867 4 14 12
5 720051969 4 7 12
5 720051969 4 13 12
5 720052226 4 12 12
5 720052300 4 1 12
5 720052300 4 19 12
5 720052370 4 6 12
5 720052370 4 18 12
5 720052562 4 11 12
5 720052562 4 17 12
5 720052733 4 0 12
5 720052733 4 24 12
5 720052787 4 5 12
5 720052787 4 23 12
5 720052838 4 16 12
5 720052938 4 10 12
5 720052938 4 22 12
5 720053167 4 15 12
5 720053167 4 21 12
5 720053451 4 20 12
6 720563433 4 3
3 720563433 4 3 10
6 720563433 4 9
3 720563433 4 9 10
6 720563613 4 8
3 720563613 4 8 10
6 720563867 4 2
3 720563867 4 2 10
6 720563867 4 14
3 720563867 4 14 10
6 720563969 4 7
3 720563969 4 7 10
6 720563969 4 13
3 720563969 4 13 10
6 720564226 4 12
3 720564226 4 12 10
6 720564300 4 1
3 720564300 4 1 10
6 720564300 4 19
3 720564300 4 19 10
6 720564370 4 6
3 720564370 4 6 10
6 720564370 4 18
3 720564370 4 18 10
6 720564562 4 11
3 720564562 4 11 10
6 720564562 4 17
3 720564562 4 17 10
6 720564733 4 0
3 720564733 4 0 10
6 720564733 4 24
3 720564733 4 24 10
6 720564787 4 5
3 720564787 4 5 10
6 720564787 4 23
3 720564787 4 23 10
6 720564838 4 16
3 720564838 4 16 10
6 720564938 4 10
3 720564938 4 10 10
6 720564938 4 22
3 720564938 4 22 10
6 720565167 4 15
3 720565167 4 15 10
6 720565167 4 21
3 720565167 4 21 10
6 720565451 4 20
3 720565451 4 20 10
Current Sim Time[s] =    0.752000000  Real Time[s] =    0  Completed 15%
Current Sim Time[s] =    0.800000000  Real Time[s] =    0  Completed 16%
Current Sim Time[s] =    0.852000000  Real Time[s] =    0  Completed 17%
Current Sim Time[s] =    0.900000000  Real Time[s] =    0  Completed 18%
Current Sim Time[s] =    0.952000000  Real Time[s] =    0  Completed 19%
Current Sim Time[s] =    1.000000000  Real Time[s] =    0  Completed 20%
Current Sim Time[s] =    1.052000000  Real Time[s] =    0  Completed 21%
Current Sim Time[s] =    1.100000000  Real Time[s] =    0  Completed 22%
Current Sim Time[s] =    1.152000000  Real Time[s] =    0  Completed 23%
Current Sim Time[s] =    1.200000000  Real Time[s] =    0  Completed 24%
Current Sim Time[s] =    1.252000000  Real Time[s] =    0  Completed 25%
5 1280051433 4 3 12
5 1280051433 4 9 12
5 1280051613 4 8 12
5 1280051867 4 2 12
5 1280051867 4 14 12
5 1280051969 4 7 12
5 1280051969 4 13 12
5 1280052226 4 12 12
5 1280052300 4 1 12
5 1280052300 4 19 12
5 1280052370 4 6 12
5 1280052370 4 18 12
5 1280052562 4 11 12
5 1280052562 4 17 12
5 1280052733 4 0 12
5 1280052733 4 24 12
5 1280052787 4 5 12
5 1280052787 4 23 12
5 1280052838 4 16 12
5 1280052938 4 10 12
5 1280052938 4 22 12
5 1280053167 4 15 12
5 1280053167 4 21 12
5 1280053451 4 20 12
6 1280563433 4 3
3 1280563433 4 3 10
6 1280563433 4 9
3 1280563433 4 9 10
6 1280563613 4 8
3 1280563613 4 8 10
6 1280563867 4 2
3 1280563867 4 2 10
6 1280563867 4 14
3 1280563867 4 14 10
6 1280563969 4 7
3 1280563969 4 7 10
6 1280563969 4 13
3 1280563969 4 13 10
6 1280564226 4 12
3 1280564226 4 12 10
6 1280564300 4 1
3 1280564300 4 1 10
6 1280564300 4 19
3 1280564300 4 19 10
6 1280564370 4 6
3 1280564370 4 6 10
6 1280564370 4 18
3 1280564370 4 18 10
6 1280564562 4 11
3 1280564562 4 11 10
6 1280564562 4 17
3 1280564562 4 17 10
6 1280564733 4 0
3 1280564733 4 0 10
6 1280564733 4 24
3 1280564733 4 24 10
6 1280564787 4 5
3 1280564787 4 5 10
6 1280564787 4 23
3 1280564787 4 23 10
6 1280564838 4 16
3 1280564838 4 16 10
6 1280564938 4 10
3 1280564938 4 10 10
6 1280564938 4 22
3 1280564938 4 22 10
6 1280565167 4 15
3 1280565167 4 15 10
6 1280565167 4 21
3 1280565167 4 21 10
6 1280565451 4 20
3 1280565451 4 20 10
Current Sim Time[s] =    1.300000000  Real Time[s] =    0  Completed 26%
Current Sim Time[s] =    1.352000000  Real Time[s] =    0  Completed 27%
Current Sim Time[s] =    1.400000000  Real Time[s] =    0  Completed 28%
Current Sim Time[s] =    1.452000000  Real Time[s] =    0  Completed 29%
Current Sim Time[s] =    1.500000000  Real Time[s] =    0  Completed 30%
Current Sim Time[s] =    1.552000000  Real Time[s] =    0  Completed 31%
Current Sim Time[s] =    1.600000000  Real Time[s] =    0  Completed 32%
Current Sim Time[s] =    1.652000000  Real Time[s] =    0  Completed 33%
Current Sim Time[s] =    1.700000000  Real Time[s] =    0  Completed 34%
Current Sim Time[s] =    1.752000000  Real Time[s] =    0  Completed 35%
Current Sim Time[s] =    1.800000000  Real Time[s] =    0  Completed 36%
Current Sim Time[s] =    1.852000000  Real Time[s] =    0  Completed 37%
Current Sim Time[s] =    1.900000000  Real Time[s] =    0  Completed 38%
Current Sim Time[s] =    1.952000000  Real Time[s] =    0  Completed 39%
Current Sim Time[s] =    2.000000000  Real Time[s] =    0  Completed 40%
Current Sim Time[s] =    2.052000000  Real Time[s] =    0  Completed 41%
Current Sim Time[s] =    2.100000000  Real Time[s] =    0  Completed 42%
Current Sim Time[s] =    2.152000000  Real Time[s] =    0  Completed 43%
Current Sim Time[s] =    2.200000000  Real Time[s] =    0  Completed 44%
Current Sim Time[s] =    2.252000000  Real Time[s] =    0  Completed 45%
Current Sim Time[s] =    2.300000000  Real Time[s] =    0  Completed 46%
Current Sim Time[s] =    2.352000000  Real Time[s] =    0  Completed 47%
Current Sim Time[s] =    2.400000000  Real Time[s] =    0  Completed 48%
Current Sim Time[s] =    2.452000000  Real Time[s] =    0  Completed 49%
Current Sim Time[s] =    2.500000000  Real Time[s] =    0  Completed 50%
Current Sim Time[s] =    2.552000000  Real Time[s] =    0  Completed 51%
Current Sim Time[s] =    2.600000000  Real Time[s] =    0  Completed 52%
Current Sim Time[s] =    2.652000000  Real Time[s] =    0  Completed 53%
Current Sim Time[s] =    2.700000000  Real Time[s] =    0  Completed 54%
Current Sim Time[s] =    2.752000000  Real Time[s] =    0  Completed 55%
Current Sim Time[s] =    2.800000000  Real Time[s] =    0  Completed 56%
Current Sim Time[s] =    2.852000000  Real Time[s] =    0  Completed 57%
Current Sim Time[s] =    2.900000000  Real Time[s] =    0  Completed 58%
Current Sim Time[s] =    2.952000000  Real Time[s] =    0  Completed 59%
Current Sim Time[s] =    3.000000000  Real Time[s] =    0  Completed 60%
Current Sim Time[s] =    3.052000000  Real Time[s] =    0  Completed 61%
Current Sim Time[s] =    3.100000000  Real Time[s] =    0  Completed 62%
Current Sim Time[s] =    3.152000000  Real Time[s] =    0  Completed 63%
Current Sim Time[s] =    3.200000000  Real Time[s] =    0  Completed 64%
Current Sim Time[s] =    3.252000000  Real Time[s] =    0  Completed 65%
Current Sim Time[s] =    3.300000000  Real Time[s] =    0  Completed 66%
Current Sim Time[s] =    3.352000000  Real Time[s] =    0  Completed 67%
Current Sim Time[s] =    3.400000000  Real Time[s] =    0  Completed 68%
Current Sim Time[s] =    3.452000000  Real Time[s] =    0  Completed 69%
Current Sim Time[s] =    3.500000000  Real Time[s] =    0  Completed 70%
Current Sim Time[s] =    3.552000000  Real Time[s] =    0  Completed 71%
Current Sim Time[s] =    3.600000000  Real Time[s] =    0  Completed 72%
Current Sim Time[s] =    3.652000000  Real Time[s] =    0  Completed 73%
Current Sim Time[s] =    3.700000000  Real Time[s] =    0  Completed 74%
Current Sim Time[s] =    3.752000000  Real Time[s] =    0  Completed 75%
Current Sim Time[s] =    3.800000000  Real Time[s] =    0  Completed 76%
Current Sim Time[s] =    3.852000000  Real Time[s] =    0  Completed 77%
Current Sim Time[s] =    3.900000000  Real Time[s] =    0  Completed 78%
Current Sim Time[s] =    3.952000000  Real Time[s] =    0  Completed 79%
Current Sim Time[s] =    4.000000000  Real Time[s] =    0  Completed 80%
Current Sim Time[s] =    4.052000000  Real Time[s] =    0  Completed 81%
5 4080051433 4 3 12
5 4080051433 4 9 12
5 4080051613 4 8 12
5 4080051867 4 2 12
5 4080051867 4 14 12
5 4080051969 4 7 12
5 4080051969 4 13 12
5 4080052226 4 12 12
5 4080052300 4 1 12
5 4080052300 4 19 12
5 4080052370 4 6 12
5 4080052370 4 18 12
5 4080052562 4 11 12
5 4080052562 4 17 12
5 4080052733 4 0 12
5 4080052733 4 24 12
5 4080052787 4 5 12
5 4080052787 4 23 12
5 4080052838 4 16 12
5 4080052938 4 10 12
5 4080052938 4 22 12
5 4080053167 4 15 12
5 4080053167 4 21 12
5 4080053451 4 20 12
6 4080563433 4 3
3 4080563433 4 3 10
6 4080563433 4 9
3 4080563433 4 9 10
6 4080563613 4 8
3 4080563613 4 8 10
6 4080563867 4 2
3 4080563867 4 2 10
6 4080563867 4 14
3 4080563867 4 14 10
6 4080563969 4 7
3 4080563969 4 7 10
6 4080563969 4 13
3 4080563969 4 13 10
6 4080564226 4 12
3 4080564226 4 12 10
6 4080564300 4 1
3 4080564300 4 1 10
6 4080564300 4 19
3 4080564300 4 19 10
6 4080564370 4 6
3 4080564370 4 6 10
6 4080564370 4 18
3 4080564370 4 18 10
6 4080564562 4 11
3 4080564562 4 11 10
6 4080564562 4 17
3 4080564562 4 17 10
6 4080564733 4 0
3 4080564733 4 0 10
6 4080564733 4 24
3 4080564733 4 24 10
6 4080564787 4 5
3 4080564787 4 5 10
6 4080564787 4 23
3 4080564787 4 23 10
6 4080564838 4 16
3 4080564838 4 16 10
6 4080564938 4 10
3 4080564938 4 10 10
6 4080564938 4 22
3 4080564938 4 22 10
6 4080565167 4 15
3 4080565167 4 15 10
6 4080565167 4 21
3 4080565167 4 21 10
6 4080565451 4 20
3 4080565451 4 20 10
Current Sim Time[s] =    4.100000000  Real Time[s] =    0  Completed 82%
Current Sim Time[s] =    4.152000000  Real Time[s] =    0  Completed 83%
Current Sim Time[s] =    4.200000000  Real Time[s] =    0  Completed 84%
Current Sim Time[s] =    4.252000000  Real Time[s] =    0  Completed 85%
Current Sim Time[s] =    4.300000000  Real Time[s] =    0  Completed 86%
Current Sim Time[s] =    4.352000000  Real Time[s] =    0  Completed 87%
Current Sim Time[s] =    4.400000000  Real Time[s] =    0  Completed 88%
Current Sim Time[s] =    4.452000000  Real Time[s] =    0  Completed 89%
Current Sim Time[s] =    4.500000000  Real Time[s] =    0  Completed 90%
Current Sim Time[s] =    4.552000000  Real Time[s] =    0  Completed 91%
Current Sim Time[s] =    4.600000000  Real Time[s] =    0  Completed 92%
Current Sim Time[s] =    4.652000000  Real Time[s] =    0  Completed 93%
Current Sim Time[s] =    4.700000000  Real Time[s] =    0  Completed 94%
Current Sim Time[s] =    4.752000000  Real Time[s] =    0  Completed 95%
Current Sim Time[s] =    4.800000000  Real Time[s] =    0  Completed 96%
Current Sim Time[s] =    4.852000000  Real Time[s] =    0  Completed 97%
Current Sim Time[s] =    4.900000000  Real Time[s] =    0  Completed 98%
Current Sim Time[s] =    4.952000000  Real Time[s] =    0  Completed 99%
Execution time :   0.1250 sec
Number of messages processed : 4
Number of context switches occurred : 12
Number of Local NULL messages sent : 0
Number of Remote NULL messages sent : 0
Total Number of NULL messages sent : 0
NULL messages / Regular messages : 0.000
